Arguments: 
  C:\Program Files\nodejs\node.exe C:\Users\zhiyi014\AppData\Roaming\npm\node_modules\yarn\bin\yarn.js publish

PATH: 
  C:\ProgramData\Oracle\Java\javapath;C:\Program Files (x86)\Intel\iCLS Client\;C:\Program Files\Intel\iCLS Client\;C:\Program Files\Broadcom\Broadcom 802.11 Network Adapter;C:\Windows\system32;C:\Windows;C:\Windows\System32\Wbem;C:\Windows\System32\WindowsPowerShell\v1.0\;C:\Program Files (x86)\Intel\Intel(R) Management Engine Components\DAL;C:\Program Files\Intel\Intel(R) Management Engine Components\DAL;C:\Program Files (x86)\Intel\Intel(R) Management Engine Components\IPT;C:\Program Files\Intel\Intel(R) Management Engine Components\IPT;C:\Program Files\Lenovo\Bluetooth Software\;C:\Program Files\Lenovo\Bluetooth Software\syswow64;C:\Program Files\TortoiseSVN\bin;C:\Users\zhiyi014\AppData\Local\Android\sdk\tools;C:\Users\zhiyi014\AppData\Local\Android\sdk\platform-tools;C:\Program Files\Java\jdk1.8.0_91\bin;C:\Program Files\Java\jdk1.8.0_91\jre\bin;C:\Program Files (x86)\Git\bin;D:\tools\Android\sdk\ndk-bundle;C:\Program Files\Android\Android Studio1\gradle\gradle-2.14.1\bin;C:\ProgramData\chocolatey\bin;C:\Program Files\nodejs\;D:\tools\Android\sdk\tools;D:\tools\Android\sdk\platform-tools;D:\Program Files\Python\Python3;D:\Program Files\Python\Python3\Scripts\;D:\Program Files\Python\Python3\;C:\Users\zhiyi014\AppData\Roaming\npm

Yarn version: 
  1.2.0

Node version: 
  7.10.0

Platform: 
  win32 x64

npm manifest: 
  {
    "name": "react-native-ifimage",
    "version": "1.4.0",
    "description": "",
    "main": "IFImage.js",
    "scripts": {
      "test": "echo \"Error: no test specified\" && exit 1"
    },
    "repository": {
      "type": "git",
      "url": "https://github.com/beyond181/ReactNativeIFImage.git"
    },
    "author": "rou",
    "license": "ISC"
  }

yarn manifest: 
  No manifest

Lockfile: 
  # THIS IS AN AUTOGENERATED FILE. DO NOT EDIT THIS FILE DIRECTLY.
  # yarn lockfile v1
  
  
  react-native-ifimage@^1.0.1:
    version "1.0.1"
    resolved "https://registry.yarnpkg.com/react-native-ifimage/-/react-native-ifimage-1.0.1.tgz#a9b4cc8662b4da3ad8a4a013a49a135042756f40"
  
  react-native-ifimage@^1.1.7:
    version "1.1.7"
    resolved "https://registry.yarnpkg.com/react-native-ifimage/-/react-native-ifimage-1.1.7.tgz#07f002c33ad85f364e3316fa4fada133befe7a89"
    dependencies:
      react-native-ifimage "^1.0.1"

Trace: 
  Error: http://registry.npmjs.org/react-native-ifimage: ESOCKETTIMEDOUT
      at ClientRequest.<anonymous> (C:\Users\zhiyi014\AppData\Roaming\npm\node_modules\yarn\lib\cli.js:123551:19)
      at Object.onceWrapper (events.js:293:19)
      at emitNone (events.js:86:13)
      at ClientRequest.emit (events.js:188:7)
      at Socket.emitTimeout (_http_client.js:679:10)
      at Object.onceWrapper (events.js:293:19)
      at emitNone (events.js:86:13)
      at Socket.emit (events.js:188:7)
      at Socket._onTimeout (net.js:352:8)
      at ontimeout (timers.js:386:14)
